# JRE version: OpenJDK Runtime Environment Temurin-21.0.7+6 (21.0.7+6) (build 21.0.7+6-LTS)
# Java VM: OpenJDK 64-Bit Server VM Temurin-21.0.7+6 (21.0.7+6-LTS, mixed mode, sharing, tiered, compressed oops, compressed class ptrs, parallel gc, windows-amd64)
GC Precious Log:
 CardTable entry size: 512
 CPUs: 12 total, 12 available
 Memory: 16310M
 Large Page Support: Disabled
 NUMA Support: Disabled
 Compressed Oops: Enabled (32-bit)
 Alignments: Space 512K, Generation 512K, Heap 2M
 Heap Min Capacity: 100M
 Heap Initial Capacity: 100M
 Heap Max Capacity: 1G
 Pre-touch: Disabled
 Parallel Workers: 10
Heap:
 PSYoungGen      total 23040K, used 8572K [0x00000000eab00000, 0x00000000ec380000, 0x0000000100000000)
  eden space 22016K, 34% used [0x00000000eab00000,0x00000000eb27f300,0x00000000ec080000)
  from space 1024K, 87% used [0x00000000ec280000,0x00000000ec360000,0x00000000ec380000)
  to   space 1024K, 0% used [0x00000000ec180000,0x00000000ec180000,0x00000000ec280000)
 ParOldGen       total 68608K, used 23583K [0x00000000c0000000, 0x00000000c4300000, 0x00000000eab00000)
  object space 68608K, 34% used [0x00000000c0000000,0x00000000c1707cb0,0x00000000c4300000)
 Metaspace       used 41374K, committed 42368K, reserved 1114112K
  class space    used 4309K, committed 4736K, reserved 1048576K
GC Heap History (20 events):
Event: 9.458 GC heap before
{Heap before GC invocations=11 (full 1):
 PSYoungGen      total 23040K, used 22316K [0x00000000eab00000, 0x00000000ec780000, 0x0000000100000000)
  eden space 22016K, 98% used [0x00000000eab00000,0x00000000ec03b110,0x00000000ec080000)
  from space 1024K, 56% used [0x00000000ec180000,0x00000000ec210228,0x00000000ec280000)
  to   space 2560K, 0% used [0x00000000ec500000,0x00000000ec500000,0x00000000ec780000)
 ParOldGen       total 68608K, used 15378K [0x00000000c0000000, 0x00000000c4300000, 0x00000000eab00000)
  object space 68608K, 22% used [0x00000000c0000000,0x00000000c0f048c0,0x00000000c4300000)
 Metaspace       used 26089K, committed 26944K, reserved 1114112K
  class space    used 2505K, committed 2880K, reserved 1048576K
}
Event: 9.458 GC heap after
{Heap after GC invocations=11 (full 1):
 PSYoungGen      total 23040K, used 878K [0x00000000eab00000, 0x00000000ec600000, 0x0000000100000000)
  eden space 22016K, 0% used [0x00000000eab00000,0x00000000eab00000,0x00000000ec080000)
  from space 1024K, 85% used [0x00000000ec500000,0x00000000ec5dbab8,0x00000000ec600000)
  to   space 1536K, 0% used [0x00000000ec300000,0x00000000ec300000,0x00000000ec480000)
 ParOldGen       total 68608K, used 15378K [0x00000000c0000000, 0x00000000c4300000, 0x00000000eab00000)
  object space 68608K, 22% used [0x00000000c0000000,0x00000000c0f048c0,0x00000000c4300000)
 Metaspace       used 26089K, committed 26944K, reserved 1114112K
  class space    used 2505K, committed 2880K, reserved 1048576K
}
Event: 9.667 GC heap before
{Heap before GC invocations=12 (full 1):
 PSYoungGen      total 23040K, used 22894K [0x00000000eab00000, 0x00000000ec600000, 0x0000000100000000)
  eden space 22016K, 100% used [0x00000000eab00000,0x00000000ec080000,0x00000000ec080000)
  from space 1024K, 85% used [0x00000000ec500000,0x00000000ec5dbab8,0x00000000ec600000)
  to   space 1536K, 0% used [0x00000000ec300000,0x00000000ec300000,0x00000000ec480000)
 ParOldGen       total 68608K, used 15378K [0x00000000c0000000, 0x00000000c4300000, 0x00000000eab00000)
  object space 68608K, 22% used [0x00000000c0000000,0x00000000c0f048c0,0x00000000c4300000)
 Metaspace       used 27469K, committed 28352K, reserved 1114112K
  class space    used 2600K, committed 2944K, reserved 1048576K
}
Event: 9.669 GC heap after
{Heap after GC invocations=12 (full 1):
 PSYoungGen      total 23552K, used 1528K [0x00000000eab00000, 0x00000000ec780000, 0x0000000100000000)
  eden space 22016K, 0% used [0x00000000eab00000,0x00000000eab00000,0x00000000ec080000)
  from space 1536K, 99% used [0x00000000ec300000,0x00000000ec47e290,0x00000000ec480000)
  to   space 3072K, 0% used [0x00000000ec480000,0x00000000ec480000,0x00000000ec780000)
 ParOldGen       total 68608K, used 16837K [0x00000000c0000000, 0x00000000c4300000, 0x00000000eab00000)
  object space 68608K, 24% used [0x00000000c0000000,0x00000000c1071448,0x00000000c4300000)
 Metaspace       used 27469K, committed 28352K, reserved 1114112K
  class space    used 2600K, committed 2944K, reserved 1048576K
}
Event: 9.893 GC heap before
{Heap before GC invocations=13 (full 1):
 PSYoungGen      total 23552K, used 23544K [0x00000000eab00000, 0x00000000ec780000, 0x0000000100000000)
  eden space 22016K, 100% used [0x00000000eab00000,0x00000000ec080000,0x00000000ec080000)
  from space 1536K, 99% used [0x00000000ec300000,0x00000000ec47e290,0x00000000ec480000)
  to   space 3072K, 0% used [0x00000000ec480000,0x00000000ec480000,0x00000000ec780000)
 ParOldGen       total 68608K, used 16837K [0x00000000c0000000, 0x00000000c4300000, 0x00000000eab00000)
  object space 68608K, 24% used [0x00000000c0000000,0x00000000c1071448,0x00000000c4300000)
 Metaspace       used 30593K, committed 31552K, reserved 1114112K
  class space    used 2939K, committed 3392K, reserved 1048576K
}
Event: 9.895 GC heap after
{Heap after GC invocations=13 (full 1):
 PSYoungGen      total 24064K, used 1880K [0x00000000eab00000, 0x00000000ec680000, 0x0000000100000000)
  eden space 22016K, 0% used [0x00000000eab00000,0x00000000eab00000,0x00000000ec080000)
  from space 2048K, 91% used [0x00000000ec480000,0x00000000ec656088,0x00000000ec680000)
  to   space 2560K, 0% used [0x00000000ec180000,0x00000000ec180000,0x00000000ec400000)
 ParOldGen       total 68608K, used 18176K [0x00000000c0000000, 0x00000000c4300000, 0x00000000eab00000)
  object space 68608K, 26% used [0x00000000c0000000,0x00000000c11c03e8,0x00000000c4300000)
 Metaspace       used 30593K, committed 31552K, reserved 1114112K
  class space    used 2939K, committed 3392K, reserved 1048576K
}
Event: 10.016 GC heap before
{Heap before GC invocations=14 (full 1):
 PSYoungGen      total 24064K, used 23896K [0x00000000eab00000, 0x00000000ec680000, 0x0000000100000000)
  eden space 22016K, 99% used [0x00000000eab00000,0x00000000ec07fff8,0x00000000ec080000)
  from space 2048K, 91% used [0x00000000ec480000,0x00000000ec656088,0x00000000ec680000)
  to   space 2560K, 0% used [0x00000000ec180000,0x00000000ec180000,0x00000000ec400000)
 ParOldGen       total 68608K, used 18176K [0x00000000c0000000, 0x00000000c4300000, 0x00000000eab00000)
  object space 68608K, 26% used [0x00000000c0000000,0x00000000c11c03e8,0x00000000c4300000)
 Metaspace       used 33188K, committed 34240K, reserved 1114112K
  class space    used 3254K, committed 3776K, reserved 1048576K
}
Event: 10.018 GC heap after
{Heap after GC invocations=14 (full 1):
 PSYoungGen      total 24064K, used 1964K [0x00000000eab00000, 0x00000000ec500000, 0x0000000100000000)
  eden space 22016K, 0% used [0x00000000eab00000,0x00000000eab00000,0x00000000ec080000)
  from space 2048K, 95% used [0x00000000ec180000,0x00000000ec36b110,0x00000000ec380000)
  to   space 1536K, 0% used [0x00000000ec380000,0x00000000ec380000,0x00000000ec500000)
 ParOldGen       total 68608K, used 19833K [0x00000000c0000000, 0x00000000c4300000, 0x00000000eab00000)
  object space 68608K, 28% used [0x00000000c0000000,0x00000000c135e460,0x00000000c4300000)
 Metaspace       used 33188K, committed 34240K, reserved 1114112K
  class space    used 3254K, committed 3776K, reserved 1048576K
}
Event: 10.109 GC heap before
{Heap before GC invocations=15 (full 1):
 PSYoungGen      total 24064K, used 20113K [0x00000000eab00000, 0x00000000ec500000, 0x0000000100000000)
  eden space 22016K, 82% used [0x00000000eab00000,0x00000000ebcb94d0,0x00000000ec080000)
  from space 2048K, 95% used [0x00000000ec180000,0x00000000ec36b110,0x00000000ec380000)
  to   space 1536K, 0% used [0x00000000ec380000,0x00000000ec380000,0x00000000ec500000)
 ParOldGen       total 68608K, used 19833K [0x00000000c0000000, 0x00000000c4300000, 0x00000000eab00000)
  object space 68608K, 28% used [0x00000000c0000000,0x00000000c135e460,0x00000000c4300000)
 Metaspace       used 34809K, committed 35840K, reserved 1114112K
  class space    used 3468K, committed 3968K, reserved 1048576K
}
Event: 10.111 GC heap after
{Heap after GC invocations=15 (full 1):
 PSYoungGen      total 23040K, used 891K [0x00000000eab00000, 0x00000000ec480000, 0x0000000100000000)
  eden space 22016K, 0% used [0x00000000eab00000,0x00000000eab00000,0x00000000ec080000)
  from space 1024K, 87% used [0x00000000ec380000,0x00000000ec45ed18,0x00000000ec480000)
  to   space 1536K, 0% used [0x00000000ec180000,0x00000000ec180000,0x00000000ec300000)
 ParOldGen       total 68608K, used 21479K [0x00000000c0000000, 0x00000000c4300000, 0x00000000eab00000)
  object space 68608K, 31% used [0x00000000c0000000,0x00000000c14f9d38,0x00000000c4300000)
 Metaspace       used 34809K, committed 35840K, reserved 1114112K
  class space    used 3468K, committed 3968K, reserved 1048576K
}
Event: 10.111 GC heap before
{Heap before GC invocations=16 (full 2):
 PSYoungGen      total 23040K, used 891K [0x00000000eab00000, 0x00000000ec480000, 0x0000000100000000)
  eden space 22016K, 0% used [0x00000000eab00000,0x00000000eab00000,0x00000000ec080000)
  from space 1024K, 87% used [0x00000000ec380000,0x00000000ec45ed18,0x00000000ec480000)
  to   space 1536K, 0% used [0x00000000ec180000,0x00000000ec180000,0x00000000ec300000)
 ParOldGen       total 68608K, used 21479K [0x00000000c0000000, 0x00000000c4300000, 0x00000000eab00000)
  object space 68608K, 31% used [0x00000000c0000000,0x00000000c14f9d38,0x00000000c4300000)
 Metaspace       used 34809K, committed 35840K, reserved 1114112K
  class space    used 3468K, committed 3968K, reserved 1048576K
}
Event: 10.141 GC heap after
{Heap after GC invocations=16 (full 2):
 PSYoungGen      total 23040K, used 0K [0x00000000eab00000, 0x00000000ec480000, 0x0000000100000000)
  eden space 22016K, 0% used [0x00000000eab00000,0x00000000eab00000,0x00000000ec080000)
  from space 1024K, 0% used [0x00000000ec380000,0x00000000ec380000,0x00000000ec480000)
  to   space 1536K, 0% used [0x00000000ec180000,0x00000000ec180000,0x00000000ec300000)
 ParOldGen       total 68608K, used 21639K [0x00000000c0000000, 0x00000000c4300000, 0x00000000eab00000)
  object space 68608K, 31% used [0x00000000c0000000,0x00000000c1521ca0,0x00000000c4300000)
 Metaspace       used 34809K, committed 35840K, reserved 1114112K
  class space    used 3468K, committed 3968K, reserved 1048576K
}
Event: 10.233 GC heap before
{Heap before GC invocations=17 (full 2):
 PSYoungGen      total 23040K, used 21819K [0x00000000eab00000, 0x00000000ec480000, 0x0000000100000000)
  eden space 22016K, 99% used [0x00000000eab00000,0x00000000ec04ecd0,0x00000000ec080000)
  from space 1024K, 0% used [0x00000000ec380000,0x00000000ec380000,0x00000000ec480000)
  to   space 1536K, 0% used [0x00000000ec180000,0x00000000ec180000,0x00000000ec300000)
 ParOldGen       total 68608K, used 21639K [0x00000000c0000000, 0x00000000c4300000, 0x00000000eab00000)
  object space 68608K, 31% used [0x00000000c0000000,0x00000000c1521ca0,0x00000000c4300000)
 Metaspace       used 36357K, committed 37440K, reserved 1114112K
  class space    used 3688K, committed 4160K, reserved 1048576K
}
Event: 10.234 GC heap after
{Heap after GC invocations=17 (full 2):
 PSYoungGen      total 23552K, used 1504K [0x00000000eab00000, 0x00000000ec480000, 0x0000000100000000)
  eden space 22016K, 0% used [0x00000000eab00000,0x00000000eab00000,0x00000000ec080000)
  from space 1536K, 97% used [0x00000000ec180000,0x00000000ec2f8010,0x00000000ec300000)
  to   space 1536K, 0% used [0x00000000ec300000,0x00000000ec300000,0x00000000ec480000)
 ParOldGen       total 68608K, used 21647K [0x00000000c0000000, 0x00000000c4300000, 0x00000000eab00000)
  object space 68608K, 31% used [0x00000000c0000000,0x00000000c1523ca0,0x00000000c4300000)
 Metaspace       used 36357K, committed 37440K, reserved 1114112K
  class space    used 3688K, committed 4160K, reserved 1048576K
}
Event: 10.309 GC heap before
{Heap before GC invocations=18 (full 2):
 PSYoungGen      total 23552K, used 23520K [0x00000000eab00000, 0x00000000ec480000, 0x0000000100000000)
  eden space 22016K, 100% used [0x00000000eab00000,0x00000000ec080000,0x00000000ec080000)
  from space 1536K, 97% used [0x00000000ec180000,0x00000000ec2f8010,0x00000000ec300000)
  to   space 1536K, 0% used [0x00000000ec300000,0x00000000ec300000,0x00000000ec480000)
 ParOldGen       total 68608K, used 21647K [0x00000000c0000000, 0x00000000c4300000, 0x00000000eab00000)
  object space 68608K, 31% used [0x00000000c0000000,0x00000000c1523ca0,0x00000000c4300000)
 Metaspace       used 36955K, committed 38016K, reserved 1114112K
  class space    used 3758K, committed 4224K, reserved 1048576K
}
Event: 10.311 GC heap after
{Heap after GC invocations=18 (full 2):
 PSYoungGen      total 23040K, used 1021K [0x00000000eab00000, 0x00000000ec400000, 0x0000000100000000)
  eden space 22016K, 0% used [0x00000000eab00000,0x00000000eab00000,0x00000000ec080000)
  from space 1024K, 99% used [0x00000000ec300000,0x00000000ec3ff660,0x00000000ec400000)
  to   space 1536K, 0% used [0x00000000ec100000,0x00000000ec100000,0x00000000ec280000)
 ParOldGen       total 68608K, used 22375K [0x00000000c0000000, 0x00000000c4300000, 0x00000000eab00000)
  object space 68608K, 32% used [0x00000000c0000000,0x00000000c15d9cb0,0x00000000c4300000)
 Metaspace       used 36955K, committed 38016K, reserved 1114112K
  class space    used 3758K, committed 4224K, reserved 1048576K
}
Event: 10.500 GC heap before
{Heap before GC invocations=19 (full 2):
 PSYoungGen      total 23040K, used 23037K [0x00000000eab00000, 0x00000000ec400000, 0x0000000100000000)
  eden space 22016K, 100% used [0x00000000eab00000,0x00000000ec080000,0x00000000ec080000)
  from space 1024K, 99% used [0x00000000ec300000,0x00000000ec3ff660,0x00000000ec400000)
  to   space 1536K, 0% used [0x00000000ec100000,0x00000000ec100000,0x00000000ec280000)
 ParOldGen       total 68608K, used 22375K [0x00000000c0000000, 0x00000000c4300000, 0x00000000eab00000)
  object space 68608K, 32% used [0x00000000c0000000,0x00000000c15d9cb0,0x00000000c4300000)
 Metaspace       used 38166K, committed 39168K, reserved 1114112K
  class space    used 3899K, committed 4352K, reserved 1048576K
}
Event: 10.501 GC heap after
{Heap after GC invocations=19 (full 2):
 PSYoungGen      total 23552K, used 704K [0x00000000eab00000, 0x00000000ec380000, 0x0000000100000000)
  eden space 22016K, 0% used [0x00000000eab00000,0x00000000eab00000,0x00000000ec080000)
  from space 1536K, 45% used [0x00000000ec100000,0x00000000ec1b0000,0x00000000ec280000)
  to   space 1024K, 0% used [0x00000000ec280000,0x00000000ec280000,0x00000000ec380000)
 ParOldGen       total 68608K, used 23127K [0x00000000c0000000, 0x00000000c4300000, 0x00000000eab00000)
  object space 68608K, 33% used [0x00000000c0000000,0x00000000c1695cb0,0x00000000c4300000)
 Metaspace       used 38166K, committed 39168K, reserved 1114112K
  class space    used 3899K, committed 4352K, reserved 1048576K
}
Event: 10.710 GC heap before
{Heap before GC invocations=20 (full 2):
 PSYoungGen      total 23552K, used 22720K [0x00000000eab00000, 0x00000000ec380000, 0x0000000100000000)
  eden space 22016K, 100% used [0x00000000eab00000,0x00000000ec080000,0x00000000ec080000)
  from space 1536K, 45% used [0x00000000ec100000,0x00000000ec1b0000,0x00000000ec280000)
  to   space 1024K, 0% used [0x00000000ec280000,0x00000000ec280000,0x00000000ec380000)
 ParOldGen       total 68608K, used 23127K [0x00000000c0000000, 0x00000000c4300000, 0x00000000eab00000)
  object space 68608K, 33% used [0x00000000c0000000,0x00000000c1695cb0,0x00000000c4300000)
 Metaspace       used 40519K, committed 41536K, reserved 1114112K
  class space    used 4198K, committed 4672K, reserved 1048576K
}
Event: 10.711 GC heap after
{Heap after GC invocations=20 (full 2):
 PSYoungGen      total 23040K, used 896K [0x00000000eab00000, 0x00000000ec380000, 0x0000000100000000)
  eden space 22016K, 0% used [0x00000000eab00000,0x00000000eab00000,0x00000000ec080000)
  from space 1024K, 87% used [0x00000000ec280000,0x00000000ec360000,0x00000000ec380000)
  to   space 1024K, 0% used [0x00000000ec180000,0x00000000ec180000,0x00000000ec280000)
 ParOldGen       total 68608K, used 23583K [0x00000000c0000000, 0x00000000c4300000, 0x00000000eab00000)
  object space 68608K, 34% used [0x00000000c0000000,0x00000000c1707cb0,0x00000000c4300000)
 Metaspace       used 40519K, committed 41536K, reserved 1114112K
  class space    used 4198K, committed 4672K, reserved 1048576K
}

